<?xml version="1.0" encoding="UTF-8"?>
<!-- Generated by org.testng.reporters.JUnitReportReporter -->
<testsuite hostname="LP-5CG0275X4Y" failures="0" tests="4" name="Functionality.MainPage" time="106.063" errors="0" timestamp="2023-08-16T17:16:53 IST" skipped="0">
  <testcase classname="Functionality.MainPage" name="Case4_PageText" time="26.363"/>
  <system-out/>
  <testcase classname="Functionality.MainPage" name="Case1_MenuListTest" time="15.359"/>
  <system-out/>
  <testcase classname="Functionality.MainPage" name="Case3_ContactUs" time="35.561"/>
  <system-out/>
  <testcase classname="Functionality.MainPage" name="Case2_compareScreenshot" time="28.780"/>
  <system-out/>
</testsuite> <!-- Functionality.MainPage -->
