<?xml version="1.0" encoding="UTF-8"?>
<!-- Generated by org.testng.reporters.JUnitReportReporter -->
<testsuite hostname="LP-5CG0275X4Y" failures="0" tests="5" name="Functionality.MainPage" time="381.860" errors="0" timestamp="2023-08-17T18:28:35 IST" skipped="0">
  <testcase classname="Functionality.MainPage" name="Case1_MenuListTest" time="32.141"/>
  <system-out/>
  <testcase classname="Functionality.MainPage" name="Case3_ContactUs" time="99.189"/>
  <system-out/>
  <testcase classname="Functionality.MainPage" name="Case4_PageText" time="80.409"/>
  <system-out/>
  <testcase classname="Functionality.MainPage" name="Case2_compareScreenshot" time="82.838"/>
  <system-out/>
  <testcase classname="Functionality.MainPage" name="Case5_ContactUsValidation" time="87.283"/>
  <system-out/>
</testsuite> <!-- Functionality.MainPage -->
