<?xml version="1.0" encoding="UTF-8"?>
<!-- Generated by org.testng.reporters.JUnitReportReporter -->
<testsuite hostname="LP-5CG0275X4Y" failures="0" tests="2" name="Functionality.MainPage" time="51.253" errors="0" timestamp="2023-08-14T14:17:19 IST" skipped="0">
  <testcase classname="Functionality.MainPage" name="ContactUs" time="35.461"/>
  <system-out/>
  <testcase classname="Functionality.MainPage" name="compareScreenshot" time="15.792"/>
  <system-out/>
</testsuite> <!-- Functionality.MainPage -->
