<?xml version="1.0" encoding="UTF-8"?>
<!-- Generated by org.testng.reporters.JUnitReportReporter -->
<testsuite hostname="LP-5CG0275X4Y" failures="0" tests="5" name="Functionality.MainPage" time="101.638" errors="0" timestamp="2023-08-21T13:13:39 IST" skipped="0">
  <testcase classname="Functionality.MainPage" name="Case4_PageText" time="18.402"/>
  <system-out/>
  <testcase classname="Functionality.MainPage" name="Case3_ContactUs" time="32.884"/>
  <system-out/>
  <testcase classname="Functionality.MainPage" name="Case1_MenuListTest" time="8.265"/>
  <system-out/>
  <testcase classname="Functionality.MainPage" name="Case2_compareScreenshot" time="20.441"/>
  <system-out/>
  <testcase classname="Functionality.MainPage" name="Case5_ContactUsValidation" time="21.646"/>
  <system-out/>
</testsuite> <!-- Functionality.MainPage -->
