<?xml version="1.0" encoding="UTF-8"?>
<!-- Generated by org.testng.reporters.JUnitReportReporter -->
<testsuite hostname="LP-5CG0275X4Y" failures="0" tests="1" name="Functionality.DuebugTest" time="27.617" errors="0" timestamp="2023-08-16T14:11:57 IST" skipped="0">
  <testcase classname="Functionality.DuebugTest" name="PageText" time="27.617"/>
  <system-out/>
</testsuite> <!-- Functionality.DuebugTest -->
