<?xml version="1.0" encoding="UTF-8"?>
<!-- Generated by org.testng.reporters.JUnitReportReporter -->
<testsuite hostname="LP-5CG0275X4Y" failures="0" tests="1" name="Functionality.MainPage" time="42.059" errors="0" timestamp="2023-08-09T17:10:46 IST" skipped="0">
  <testcase classname="Functionality.MainPage" name="ContactUs" time="42.059"/>
  <system-out/>
</testsuite> <!-- Functionality.MainPage -->
