<?xml version="1.0" encoding="UTF-8"?>
<!-- Generated by org.testng.reporters.JUnitReportReporter -->
<testsuite hostname="LP-5CG0275X4Y" failures="0" tests="4" name="Functionality.MainPage" time="92.340" errors="0" timestamp="2023-08-16T16:15:47 IST" skipped="0">
  <testcase classname="Functionality.MainPage" name="Case4_PageText" time="23.297"/>
  <system-out/>
  <testcase classname="Functionality.MainPage" name="Case1_MenuListTest" time="13.962"/>
  <system-out/>
  <testcase classname="Functionality.MainPage" name="Case3_ContactUs" time="31.673"/>
  <system-out/>
  <testcase classname="Functionality.MainPage" name="Case2_compareScreenshot" time="23.408"/>
  <system-out/>
</testsuite> <!-- Functionality.MainPage -->
