<?xml version="1.0" encoding="UTF-8"?>
<!-- Generated by org.testng.reporters.JUnitReportReporter -->
<testsuite hostname="LP-5CG0275X4Y" failures="0" tests="4" name="Functionality.MainPage" time="101.268" errors="0" timestamp="2023-08-16T16:30:38 IST" skipped="0">
  <testcase classname="Functionality.MainPage" name="Case4_PageText" time="22.947"/>
  <system-out/>
  <testcase classname="Functionality.MainPage" name="Case2_compareScreenshot" time="24.235"/>
  <system-out/>
  <testcase classname="Functionality.MainPage" name="Case3_ContactUs" time="40.824"/>
  <system-out/>
  <testcase classname="Functionality.MainPage" name="Case1_MenuListTest" time="13.262"/>
  <system-out/>
</testsuite> <!-- Functionality.MainPage -->
