<?xml version="1.0" encoding="UTF-8"?>
<!-- Generated by org.testng.reporters.JUnitReportReporter -->
<testsuite hostname="LP-5CG0275X4Y" failures="0" tests="4" name="Functionality.MainPage" time="103.244" errors="0" timestamp="2023-08-16T15:26:45 IST" skipped="0">
  <testcase classname="Functionality.MainPage" name="Case4_PageText" time="25.008"/>
  <system-out/>
  <testcase classname="Functionality.MainPage" name="Case1_MenuListTest" time="16.418"/>
  <system-out/>
  <testcase classname="Functionality.MainPage" name="Case3_ContactUs" time="34.431"/>
  <system-out/>
  <testcase classname="Functionality.MainPage" name="Case2_compareScreenshot" time="27.387"/>
  <system-out/>
</testsuite> <!-- Functionality.MainPage -->
