<?xml version="1.0" encoding="UTF-8"?>
<!-- Generated by org.testng.reporters.JUnitReportReporter -->
<testsuite hostname="LP-5CG0275X4Y" failures="0" tests="5" name="Functionality.MainPage" time="96.641" errors="0" timestamp="2023-08-21T12:56:55 IST" skipped="0">
  <testcase classname="Functionality.MainPage" name="Case3_ContactUs" time="31.551"/>
  <system-out/>
  <testcase classname="Functionality.MainPage" name="Case2_compareScreenshot" time="19.236"/>
  <system-out/>
  <testcase classname="Functionality.MainPage" name="Case1_MenuListTest" time="7.504"/>
  <system-out/>
  <testcase classname="Functionality.MainPage" name="Case4_PageText" time="17.642"/>
  <system-out/>
  <testcase classname="Functionality.MainPage" name="Case5_ContactUsValidation" time="20.708"/>
  <system-out/>
</testsuite> <!-- Functionality.MainPage -->
